# JRE version: Java(TM) SE Runtime Environment (16.0.1+9) (build 16.0.1+9-24)
# Java VM: Java HotSpot(TM) 64-Bit Server VM (16.0.1+9-24, mixed mode, sharing, tiered, compressed oops, compressed class ptrs, g1 gc, windows-amd64)
GC Precious Log:
 CPUs: 8 total, 8 available
 Memory: 16264M
 Large Page Support: Disabled
 NUMA Support: Disabled
 Compressed Oops: Enabled (Zero based)
 Heap Region Size: 2M
 Heap Min Capacity: 8M
 Heap Initial Capacity: 256M
 Heap Max Capacity: 4068M
 Pre-touch: Disabled
 Parallel Workers: 8
 Concurrent Workers: 2
 Concurrent Refinement Workers: 8
 Periodic GC: Disabled
Heap:
 garbage-first heap   total 729088K, used 225280K [0x0000000701c00000, 0x0000000800000000)
  region size 2048K, 3 young (6144K), 3 survivors (6144K)
 Metaspace       used 4348K, committed 4480K, reserved 1056768K
  class space    used 463K, committed 512K, reserved 1048576K
GC Heap History (19 events):
Event: 5.085 GC heap before
{Heap before GC invocations=0 (full 0):
 garbage-first heap   total 262144K, used 22528K [0x0000000701c00000, 0x0000000800000000)
  region size 2048K, 11 young (22528K), 0 survivors (0K)
 Metaspace       used 4348K, committed 4480K, reserved 1056768K
  class space    used 463K, committed 512K, reserved 1048576K
}
Event: 5.125 GC heap after
{Heap after GC invocations=1 (full 0):
 garbage-first heap   total 262144K, used 18795K [0x0000000701c00000, 0x0000000800000000)
  region size 2048K, 2 young (4096K), 2 survivors (4096K)
 Metaspace       used 4348K, committed 4480K, reserved 1056768K
  class space    used 463K, committed 512K, reserved 1048576K
}
Event: 5.193 GC heap before
{Heap before GC invocations=1 (full 0):
 garbage-first heap   total 262144K, used 35179K [0x0000000701c00000, 0x0000000800000000)
  region size 2048K, 8 young (16384K), 2 survivors (4096K)
 Metaspace       used 4348K, committed 4480K, reserved 1056768K
  class space    used 463K, committed 512K, reserved 1048576K
}
Event: 5.222 GC heap after
{Heap after GC invocations=2 (full 0):
 garbage-first heap   total 262144K, used 36063K [0x0000000701c00000, 0x0000000800000000)
  region size 2048K, 1 young (2048K), 1 survivors (2048K)
 Metaspace       used 4348K, committed 4480K, reserved 1056768K
  class space    used 463K, committed 512K, reserved 1048576K
}
Event: 5.283 GC heap before
{Heap before GC invocations=2 (full 0):
 garbage-first heap   total 262144K, used 46303K [0x0000000701c00000, 0x0000000800000000)
  region size 2048K, 6 young (12288K), 1 survivors (2048K)
 Metaspace       used 4348K, committed 4480K, reserved 1056768K
  class space    used 463K, committed 512K, reserved 1048576K
}
Event: 5.302 GC heap after
{Heap after GC invocations=3 (full 0):
 garbage-first heap   total 262144K, used 47104K [0x0000000701c00000, 0x0000000800000000)
  region size 2048K, 1 young (2048K), 1 survivors (2048K)
 Metaspace       used 4348K, committed 4480K, reserved 1056768K
  class space    used 463K, committed 512K, reserved 1048576K
}
Event: 5.422 GC heap before
{Heap before GC invocations=3 (full 0):
 garbage-first heap   total 262144K, used 63488K [0x0000000701c00000, 0x0000000800000000)
  region size 2048K, 6 young (12288K), 1 survivors (2048K)
 Metaspace       used 4348K, committed 4480K, reserved 1056768K
  class space    used 463K, committed 512K, reserved 1048576K
}
Event: 5.443 GC heap after
{Heap after GC invocations=4 (full 0):
 garbage-first heap   total 262144K, used 64954K [0x0000000701c00000, 0x0000000800000000)
  region size 2048K, 1 young (2048K), 1 survivors (2048K)
 Metaspace       used 4348K, committed 4480K, reserved 1056768K
  class space    used 463K, committed 512K, reserved 1048576K
}
Event: 5.498 GC heap before
{Heap before GC invocations=4 (full 0):
 garbage-first heap   total 262144K, used 75194K [0x0000000701c00000, 0x0000000800000000)
  region size 2048K, 6 young (12288K), 1 survivors (2048K)
 Metaspace       used 4348K, committed 4480K, reserved 1056768K
  class space    used 463K, committed 512K, reserved 1048576K
}
Event: 5.521 GC heap after
{Heap after GC invocations=5 (full 0):
 garbage-first heap   total 262144K, used 76123K [0x0000000701c00000, 0x0000000800000000)
  region size 2048K, 1 young (2048K), 1 survivors (2048K)
 Metaspace       used 4348K, committed 4480K, reserved 1056768K
  class space    used 463K, committed 512K, reserved 1048576K
}
Event: 5.583 GC heap before
{Heap before GC invocations=5 (full 0):
 garbage-first heap   total 262144K, used 86363K [0x0000000701c00000, 0x0000000800000000)
  region size 2048K, 6 young (12288K), 1 survivors (2048K)
 Metaspace       used 4348K, committed 4480K, reserved 1056768K
  class space    used 463K, committed 512K, reserved 1048576K
}
Event: 5.607 GC heap after
{Heap after GC invocations=6 (full 0):
 garbage-first heap   total 729088K, used 87383K [0x0000000701c00000, 0x0000000800000000)
  region size 2048K, 1 young (2048K), 1 survivors (2048K)
 Metaspace       used 4348K, committed 4480K, reserved 1056768K
  class space    used 463K, committed 512K, reserved 1048576K
}
Event: 5.926 GC heap before
{Heap before GC invocations=6 (full 0):
 garbage-first heap   total 729088K, used 130391K [0x0000000701c00000, 0x0000000800000000)
  region size 2048K, 17 young (34816K), 1 survivors (2048K)
 Metaspace       used 4348K, committed 4480K, reserved 1056768K
  class space    used 463K, committed 512K, reserved 1048576K
}
Event: 6.066 GC heap after
{Heap after GC invocations=7 (full 0):
 garbage-first heap   total 729088K, used 130812K [0x0000000701c00000, 0x0000000800000000)
  region size 2048K, 3 young (6144K), 3 survivors (6144K)
 Metaspace       used 4348K, committed 4480K, reserved 1056768K
  class space    used 463K, committed 512K, reserved 1048576K
}
Event: 6.250 GC heap before
{Heap before GC invocations=7 (full 0):
 garbage-first heap   total 729088K, used 159484K [0x0000000701c00000, 0x0000000800000000)
  region size 2048K, 17 young (34816K), 3 survivors (6144K)
 Metaspace       used 4348K, committed 4480K, reserved 1056768K
  class space    used 463K, committed 512K, reserved 1048576K
}
Event: 6.305 GC heap after
{Heap after GC invocations=8 (full 0):
 garbage-first heap   total 729088K, used 161792K [0x0000000701c00000, 0x0000000800000000)
  region size 2048K, 3 young (6144K), 3 survivors (6144K)
 Metaspace       used 4348K, committed 4480K, reserved 1056768K
  class space    used 463K, committed 512K, reserved 1048576K
}
Event: 6.474 GC heap before
{Heap before GC invocations=8 (full 0):
 garbage-first heap   total 729088K, used 190464K [0x0000000701c00000, 0x0000000800000000)
  region size 2048K, 17 young (34816K), 3 survivors (6144K)
 Metaspace       used 4348K, committed 4480K, reserved 1056768K
  class space    used 463K, committed 512K, reserved 1048576K
}
Event: 6.565 GC heap after
{Heap after GC invocations=9 (full 0):
 garbage-first heap   total 729088K, used 193199K [0x0000000701c00000, 0x0000000800000000)
  region size 2048K, 3 young (6144K), 3 survivors (6144K)
 Metaspace       used 4348K, committed 4480K, reserved 1056768K
  class space    used 463K, committed 512K, reserved 1048576K
}
Event: 6.805 GC heap before
{Heap before GC invocations=9 (full 0):
 garbage-first heap   total 729088K, used 221871K [0x0000000701c00000, 0x0000000800000000)
  region size 2048K, 17 young (34816K), 3 survivors (6144K)
 Metaspace       used 4348K, committed 4480K, reserved 1056768K
  class space    used 463K, committed 512K, reserved 1048576K
}

