# JRE version: Java(TM) SE Runtime Environment (16.0.1+9) (build 16.0.1+9-24)
# Java VM: Java HotSpot(TM) 64-Bit Server VM (16.0.1+9-24, mixed mode, sharing, tiered, compressed oops, compressed class ptrs, g1 gc, windows-amd64)
GC Precious Log:
 CPUs: 8 total, 8 available
 Memory: 16264M
 Large Page Support: Disabled
 NUMA Support: Disabled
 Compressed Oops: Enabled (Zero based)
 Heap Region Size: 2M
 Heap Min Capacity: 8M
 Heap Initial Capacity: 256M
 Heap Max Capacity: 4068M
 Pre-touch: Disabled
 Parallel Workers: 8
 Concurrent Workers: 2
 Concurrent Refinement Workers: 8
 Periodic GC: Disabled
Heap:
 garbage-first heap   total 724992K, used 221184K [0x0000000701c00000, 0x0000000800000000)
  region size 2048K, 3 young (6144K), 3 survivors (6144K)
 Metaspace       used 4343K, committed 4480K, reserved 1056768K
  class space    used 464K, committed 512K, reserved 1048576K
GC Heap History (19 events):
Event: 6.075 GC heap before
{Heap before GC invocations=0 (full 0):
 garbage-first heap   total 262144K, used 22528K [0x0000000701c00000, 0x0000000800000000)
  region size 2048K, 11 young (22528K), 0 survivors (0K)
 Metaspace       used 4343K, committed 4480K, reserved 1056768K
  class space    used 464K, committed 512K, reserved 1048576K
}
Event: 6.122 GC heap after
{Heap after GC invocations=1 (full 0):
 garbage-first heap   total 262144K, used 18791K [0x0000000701c00000, 0x0000000800000000)
  region size 2048K, 2 young (4096K), 2 survivors (4096K)
 Metaspace       used 4343K, committed 4480K, reserved 1056768K
  class space    used 464K, committed 512K, reserved 1048576K
}
Event: 6.188 GC heap before
{Heap before GC invocations=1 (full 0):
 garbage-first heap   total 262144K, used 33127K [0x0000000701c00000, 0x0000000800000000)
  region size 2048K, 7 young (14336K), 2 survivors (4096K)
 Metaspace       used 4343K, committed 4480K, reserved 1056768K
  class space    used 464K, committed 512K, reserved 1048576K
}
Event: 6.216 GC heap after
{Heap after GC invocations=2 (full 0):
 garbage-first heap   total 262144K, used 34015K [0x0000000701c00000, 0x0000000800000000)
  region size 2048K, 1 young (2048K), 1 survivors (2048K)
 Metaspace       used 4343K, committed 4480K, reserved 1056768K
  class space    used 464K, committed 512K, reserved 1048576K
}
Event: 6.286 GC heap before
{Heap before GC invocations=2 (full 0):
 garbage-first heap   total 262144K, used 44255K [0x0000000701c00000, 0x0000000800000000)
  region size 2048K, 6 young (12288K), 1 survivors (2048K)
 Metaspace       used 4343K, committed 4480K, reserved 1056768K
  class space    used 464K, committed 512K, reserved 1048576K
}
Event: 6.310 GC heap after
{Heap after GC invocations=3 (full 0):
 garbage-first heap   total 262144K, used 45465K [0x0000000701c00000, 0x0000000800000000)
  region size 2048K, 1 young (2048K), 1 survivors (2048K)
 Metaspace       used 4343K, committed 4480K, reserved 1056768K
  class space    used 464K, committed 512K, reserved 1048576K
}
Event: 6.384 GC heap before
{Heap before GC invocations=3 (full 0):
 garbage-first heap   total 262144K, used 55705K [0x0000000701c00000, 0x0000000800000000)
  region size 2048K, 6 young (12288K), 1 survivors (2048K)
 Metaspace       used 4343K, committed 4480K, reserved 1056768K
  class space    used 464K, committed 512K, reserved 1048576K
}
Event: 6.412 GC heap after
{Heap after GC invocations=4 (full 0):
 garbage-first heap   total 262144K, used 56368K [0x0000000701c00000, 0x0000000800000000)
  region size 2048K, 1 young (2048K), 1 survivors (2048K)
 Metaspace       used 4343K, committed 4480K, reserved 1056768K
  class space    used 464K, committed 512K, reserved 1048576K
}
Event: 6.542 GC heap before
{Heap before GC invocations=4 (full 0):
 garbage-first heap   total 262144K, used 72752K [0x0000000701c00000, 0x0000000800000000)
  region size 2048K, 6 young (12288K), 1 survivors (2048K)
 Metaspace       used 4343K, committed 4480K, reserved 1056768K
  class space    used 464K, committed 512K, reserved 1048576K
}
Event: 6.564 GC heap after
{Heap after GC invocations=5 (full 0):
 garbage-first heap   total 262144K, used 73728K [0x0000000701c00000, 0x0000000800000000)
  region size 2048K, 1 young (2048K), 1 survivors (2048K)
 Metaspace       used 4343K, committed 4480K, reserved 1056768K
  class space    used 464K, committed 512K, reserved 1048576K
}
Event: 6.652 GC heap before
{Heap before GC invocations=5 (full 0):
 garbage-first heap   total 262144K, used 83968K [0x0000000701c00000, 0x0000000800000000)
  region size 2048K, 6 young (12288K), 1 survivors (2048K)
 Metaspace       used 4343K, committed 4480K, reserved 1056768K
  class space    used 464K, committed 512K, reserved 1048576K
}
Event: 6.677 GC heap after
{Heap after GC invocations=6 (full 0):
 garbage-first heap   total 724992K, used 85333K [0x0000000701c00000, 0x0000000800000000)
  region size 2048K, 1 young (2048K), 1 survivors (2048K)
 Metaspace       used 4343K, committed 4480K, reserved 1056768K
  class space    used 464K, committed 512K, reserved 1048576K
}
Event: 7.278 GC heap before
{Heap before GC invocations=6 (full 0):
 garbage-first heap   total 724992K, used 128341K [0x0000000701c00000, 0x0000000800000000)
  region size 2048K, 17 young (34816K), 1 survivors (2048K)
 Metaspace       used 4343K, committed 4480K, reserved 1056768K
  class space    used 464K, committed 512K, reserved 1048576K
}
Event: 7.360 GC heap after
{Heap after GC invocations=7 (full 0):
 garbage-first heap   total 724992K, used 129019K [0x0000000701c00000, 0x0000000800000000)
  region size 2048K, 3 young (6144K), 3 survivors (6144K)
 Metaspace       used 4343K, committed 4480K, reserved 1056768K
  class space    used 464K, committed 512K, reserved 1048576K
}
Event: 7.518 GC heap before
{Heap before GC invocations=7 (full 0):
 garbage-first heap   total 724992K, used 157691K [0x0000000701c00000, 0x0000000800000000)
  region size 2048K, 17 young (34816K), 3 survivors (6144K)
 Metaspace       used 4343K, committed 4480K, reserved 1056768K
  class space    used 464K, committed 512K, reserved 1048576K
}
Event: 7.603 GC heap after
{Heap after GC invocations=8 (full 0):
 garbage-first heap   total 724992K, used 159744K [0x0000000701c00000, 0x0000000800000000)
  region size 2048K, 3 young (6144K), 3 survivors (6144K)
 Metaspace       used 4343K, committed 4480K, reserved 1056768K
  class space    used 464K, committed 512K, reserved 1048576K
}
Event: 7.749 GC heap before
{Heap before GC invocations=8 (full 0):
 garbage-first heap   total 724992K, used 188416K [0x0000000701c00000, 0x0000000800000000)
  region size 2048K, 17 young (34816K), 3 survivors (6144K)
 Metaspace       used 4343K, committed 4480K, reserved 1056768K
  class space    used 464K, committed 512K, reserved 1048576K
}
Event: 7.813 GC heap after
{Heap after GC invocations=9 (full 0):
 garbage-first heap   total 724992K, used 190464K [0x0000000701c00000, 0x0000000800000000)
  region size 2048K, 3 young (6144K), 3 survivors (6144K)
 Metaspace       used 4343K, committed 4480K, reserved 1056768K
  class space    used 464K, committed 512K, reserved 1048576K
}
Event: 7.991 GC heap before
{Heap before GC invocations=9 (full 0):
 garbage-first heap   total 724992K, used 219136K [0x0000000701c00000, 0x0000000800000000)
  region size 2048K, 17 young (34816K), 3 survivors (6144K)
 Metaspace       used 4343K, committed 4480K, reserved 1056768K
  class space    used 464K, committed 512K, reserved 1048576K
}

